D:\BaksApps\CoolApp\CoolApp\dist\out-tsc\src\app\app.component.js
D:\BaksApps\CoolApp\CoolApp\dist\out-tsc\src\app\app.component.js.map
D:\BaksApps\CoolApp\CoolApp\dist\out-tsc\src\app\complaints\complaint.js
D:\BaksApps\CoolApp\CoolApp\dist\out-tsc\src\app\complaints\complaint.js.map
D:\BaksApps\CoolApp\CoolApp\dist\out-tsc\src\app\http-error-handler.service.js
D:\BaksApps\CoolApp\CoolApp\dist\out-tsc\src\app\http-error-handler.service.js.map
D:\BaksApps\CoolApp\CoolApp\dist\out-tsc\src\app\complaints\complaint.service.js
D:\BaksApps\CoolApp\CoolApp\dist\out-tsc\src\app\complaints\complaint.service.js.map
D:\BaksApps\CoolApp\CoolApp\dist\out-tsc\src\app\complaints\complaint.component.js
D:\BaksApps\CoolApp\CoolApp\dist\out-tsc\src\app\complaints\complaint.component.js.map
D:\BaksApps\CoolApp\CoolApp\dist\out-tsc\src\app\message.service.js
D:\BaksApps\CoolApp\CoolApp\dist\out-tsc\src\app\message.service.js.map
D:\BaksApps\CoolApp\CoolApp\dist\out-tsc\src\app\messages\messages.component.js
D:\BaksApps\CoolApp\CoolApp\dist\out-tsc\src\app\messages\messages.component.js.map
D:\BaksApps\CoolApp\CoolApp\dist\out-tsc\src\app\landing\landing.component.js
D:\BaksApps\CoolApp\CoolApp\dist\out-tsc\src\app\landing\landing.component.js.map
D:\BaksApps\CoolApp\CoolApp\dist\out-tsc\src\app\app.module.js
D:\BaksApps\CoolApp\CoolApp\dist\out-tsc\src\app\app.module.js.map
D:\BaksApps\CoolApp\CoolApp\dist\out-tsc\src\environments\environment.js
D:\BaksApps\CoolApp\CoolApp\dist\out-tsc\src\environments\environment.js.map
D:\BaksApps\CoolApp\CoolApp\dist\out-tsc\src\main.js
D:\BaksApps\CoolApp\CoolApp\dist\out-tsc\src\main.js.map
D:\BaksApps\CoolApp\CoolApp\dist\out-tsc\src\polyfills.js
D:\BaksApps\CoolApp\CoolApp\dist\out-tsc\src\polyfills.js.map
D:\BaksApps\CoolApp\CoolApp\dist\out-tsc\src\test.js
D:\BaksApps\CoolApp\CoolApp\dist\out-tsc\src\test.js.map
D:\BaksApps\CoolApp\CoolApp\dist\out-tsc\e2e\src\app.po.js
D:\BaksApps\CoolApp\CoolApp\dist\out-tsc\e2e\src\app.po.js.map
D:\BaksApps\CoolApp\CoolApp\dist\out-tsc\e2e\src\app.e2e-spec.js
D:\BaksApps\CoolApp\CoolApp\dist\out-tsc\e2e\src\app.e2e-spec.js.map
D:\BaksApps\CoolApp\CoolApp\dist\out-tsc\src\app\app.component.spec.js
D:\BaksApps\CoolApp\CoolApp\dist\out-tsc\src\app\app.component.spec.js.map
D:\BaksApps\CoolApp\CoolApp\dist\out-tsc\src\environments\environment.prod.js
D:\BaksApps\CoolApp\CoolApp\dist\out-tsc\src\environments\environment.prod.js.map
